-- Found ament_cmake: 1.3.12 (/opt/ros/humble/share/ament_cmake/cmake)
-- Override CMake install command with custom implementation using symlinks instead of copying resources
-- Found hardware_interface: 2.51.0 (/opt/ros/humble/share/hardware_interface/cmake)
-- Found rosidl_generator_c: 3.1.7 (/opt/ros/humble/share/rosidl_generator_c/cmake)
-- Found rosidl_adapter: 3.1.7 (/opt/ros/humble/share/rosidl_adapter/cmake)
-- Found rosidl_generator_cpp: 3.1.7 (/opt/ros/humble/share/rosidl_generator_cpp/cmake)
-- Using all available rosidl_typesupport_c: rosidl_typesupport_fastrtps_c;rosidl_typesupport_introspection_c
-- Using all available rosidl_typesupport_cpp: rosidl_typesupport_fastrtps_cpp;rosidl_typesupport_introspection_cpp
-- Found rmw_implementation_cmake: 6.1.2 (/opt/ros/humble/share/rmw_implementation_cmake/cmake)
-- Found rmw_fastrtps_cpp: 6.2.8 (/opt/ros/humble/share/rmw_fastrtps_cpp/cmake)
-- Found TinyXML2 via Config file: TinyXML2_DIR-NOTFOUND
-- Found TinyXML2 via Config file: TinyXML2_DIR-NOTFOUND
-- Found TinyXML2 via Config file: TinyXML2_DIR-NOTFOUND
-- Found TinyXML2 via Config file: TinyXML2_DIR-NOTFOUND
-- Using RMW implementation 'rmw_fastrtps_cpp' as default
-- Configuring done
-- Generating done
-- Build files have been written to: /home/zine/ws_moveit/build/hardware_controller
[ 50%] [32mBuilding CXX object CMakeFiles/hardware_controller.dir/src/hardware_controller_arvi.cpp.o[0m
In file included from [01m[K/opt/ros/humble/include/rclcpp/rclcpp/client.hpp:40[m[K,
                 from [01m[K/opt/ros/humble/include/rclcpp/rclcpp/callback_group.hpp:24[m[K,
                 from [01m[K/opt/ros/humble/include/rclcpp/rclcpp/any_executable.hpp:20[m[K,
                 from [01m[K/opt/ros/humble/include/rclcpp/rclcpp/memory_strategy.hpp:25[m[K,
                 from [01m[K/opt/ros/humble/include/rclcpp/rclcpp/memory_strategies.hpp:18[m[K,
                 from [01m[K/opt/ros/humble/include/rclcpp/rclcpp/executor_options.hpp:20[m[K,
                 from [01m[K/opt/ros/humble/include/rclcpp/rclcpp/executor.hpp:37[m[K,
                 from [01m[K/opt/ros/humble/include/rclcpp/rclcpp/executors/multi_threaded_executor.hpp:25[m[K,
                 from [01m[K/opt/ros/humble/include/rclcpp/rclcpp/executors.hpp:21[m[K,
                 from [01m[K/opt/ros/humble/include/rclcpp/rclcpp/rclcpp.hpp:155[m[K,
                 from [01m[K/home/zine/ws_moveit/src/hardware_controller/src/hardware_controller_arvi.cpp:4[m[K:
[01m[K/home/zine/ws_moveit/src/hardware_controller/src/hardware_controller_arvi.cpp:[m[K In member function â€˜[01m[Kbool hardware_controller::HardwareController::read_servo_feedback()[m[Kâ€™:
[01m[K/home/zine/ws_moveit/src/hardware_controller/src/hardware_controller_arvi.cpp:447:58:[m[K [01;31m[Kerror: [m[Kâ€˜[01m[Kclass std::shared_ptr<rclcpp::Clock>[m[Kâ€™ has no member named â€˜[01m[Kget_clock[m[Kâ€™
  447 |                            *rclcpp::Clock::make_shared().[01;31m[Kget_clock[m[K(), 1000,
      |                                                          [01;31m[K^~~~~~~~~[m[K
[01m[K/home/zine/ws_moveit/src/hardware_controller/src/hardware_controller_arvi.cpp:[m[K In lambda function:
[01m[K/home/zine/ws_moveit/src/hardware_controller/src/hardware_controller_arvi.cpp:446:7:[m[K [01;31m[Kerror: [m[Kâ€˜[01m[Kc[m[Kâ€™ was not declared in this scope
  446 |       [01;31m[KRCLCPP_WARN_THROTTLE[m[K(rclcpp::get_logger("HardwareController"),
      |       [01;31m[K^~~~~~~~~~~~~~~~~~~~[m[K
[01m[K/home/zine/ws_moveit/src/hardware_controller/src/hardware_controller_arvi.cpp:[m[K In member function â€˜[01m[Kbool hardware_controller::HardwareController::validate_packet(const std::vector<unsigned char, std::allocator<unsigned char> >&)[m[Kâ€™:
[01m[K/home/zine/ws_moveit/src/hardware_controller/src/hardware_controller_arvi.cpp:486:58:[m[K [01;31m[Kerror: [m[Kâ€˜[01m[Kclass std::shared_ptr<rclcpp::Clock>[m[Kâ€™ has no member named â€˜[01m[Kget_clock[m[Kâ€™
  486 |                            *rclcpp::Clock::make_shared().[01;31m[Kget_clock[m[K(), 1000,
      |                                                          [01;31m[K^~~~~~~~~[m[K
[01m[K/home/zine/ws_moveit/src/hardware_controller/src/hardware_controller_arvi.cpp:[m[K In lambda function:
[01m[K/home/zine/ws_moveit/src/hardware_controller/src/hardware_controller_arvi.cpp:485:7:[m[K [01;31m[Kerror: [m[Kâ€˜[01m[Kc[m[Kâ€™ was not declared in this scope
  485 |       [01;31m[KRCLCPP_WARN_THROTTLE[m[K(rclcpp::get_logger("HardwareController"),
      |       [01;31m[K^~~~~~~~~~~~~~~~~~~~[m[K
[01m[K/home/zine/ws_moveit/src/hardware_controller/src/hardware_controller_arvi.cpp:[m[K In member function â€˜[01m[Kbool hardware_controller::HardwareController::validate_packet(const std::vector<unsigned char, std::allocator<unsigned char> >&)[m[Kâ€™:
[01m[K/home/zine/ws_moveit/src/hardware_controller/src/hardware_controller_arvi.cpp:498:58:[m[K [01;31m[Kerror: [m[Kâ€˜[01m[Kclass std::shared_ptr<rclcpp::Clock>[m[Kâ€™ has no member named â€˜[01m[Kget_clock[m[Kâ€™
  498 |                            *rclcpp::Clock::make_shared().[01;31m[Kget_clock[m[K(), 1000,
      |                                                          [01;31m[K^~~~~~~~~[m[K
[01m[K/home/zine/ws_moveit/src/hardware_controller/src/hardware_controller_arvi.cpp:[m[K In lambda function:
[01m[K/home/zine/ws_moveit/src/hardware_controller/src/hardware_controller_arvi.cpp:497:7:[m[K [01;31m[Kerror: [m[Kâ€˜[01m[Kc[m[Kâ€™ was not declared in this scope
  497 |       [01;31m[KRCLCPP_WARN_THROTTLE[m[K(rclcpp::get_logger("HardwareController"),
      |       [01;31m[K^~~~~~~~~~~~~~~~~~~~[m[K
[01m[K/home/zine/ws_moveit/src/hardware_controller/src/hardware_controller_arvi.cpp:[m[K In member function â€˜[01m[Kbool hardware_controller::HardwareController::validate_packet(const std::vector<unsigned char, std::allocator<unsigned char> >&)[m[Kâ€™:
[01m[K/home/zine/ws_moveit/src/hardware_controller/src/hardware_controller_arvi.cpp:508:58:[m[K [01;31m[Kerror: [m[Kâ€˜[01m[Kclass std::shared_ptr<rclcpp::Clock>[m[Kâ€™ has no member named â€˜[01m[Kget_clock[m[Kâ€™
  508 |                            *rclcpp::Clock::make_shared().[01;31m[Kget_clock[m[K(), 1000,
      |                                                          [01;31m[K^~~~~~~~~[m[K
[01m[K/home/zine/ws_moveit/src/hardware_controller/src/hardware_controller_arvi.cpp:[m[K In lambda function:
[01m[K/home/zine/ws_moveit/src/hardware_controller/src/hardware_controller_arvi.cpp:507:7:[m[K [01;31m[Kerror: [m[Kâ€˜[01m[Kc[m[Kâ€™ was not declared in this scope
  507 |       [01;31m[KRCLCPP_WARN_THROTTLE[m[K(rclcpp::get_logger("HardwareController"),
      |       [01;31m[K^~~~~~~~~~~~~~~~~~~~[m[K
[01m[K/home/zine/ws_moveit/src/hardware_controller/src/hardware_controller_arvi.cpp:[m[K In member function â€˜[01m[Kbool hardware_controller::HardwareController::validate_packet(const std::vector<unsigned char, std::allocator<unsigned char> >&)[m[Kâ€™:
[01m[K/home/zine/ws_moveit/src/hardware_controller/src/hardware_controller_arvi.cpp:517:58:[m[K [01;31m[Kerror: [m[Kâ€˜[01m[Kclass std::shared_ptr<rclcpp::Clock>[m[Kâ€™ has no member named â€˜[01m[Kget_clock[m[Kâ€™
  517 |                            *rclcpp::Clock::make_shared().[01;31m[Kget_clock[m[K(), 1000,
      |                                                          [01;31m[K^~~~~~~~~[m[K
[01m[K/home/zine/ws_moveit/src/hardware_controller/src/hardware_controller_arvi.cpp:[m[K In lambda function:
[01m[K/home/zine/ws_moveit/src/hardware_controller/src/hardware_controller_arvi.cpp:516:7:[m[K [01;31m[Kerror: [m[Kâ€˜[01m[Kc[m[Kâ€™ was not declared in this scope
  516 |       [01;31m[KRCLCPP_WARN_THROTTLE[m[K(rclcpp::get_logger("HardwareController"),
      |       [01;31m[K^~~~~~~~~~~~~~~~~~~~[m[K
[01m[K/home/zine/ws_moveit/src/hardware_controller/src/hardware_controller_arvi.cpp:[m[K In member function â€˜[01m[Kbool hardware_controller::HardwareController::validate_packet(const std::vector<unsigned char, std::allocator<unsigned char> >&)[m[Kâ€™:
[01m[K/home/zine/ws_moveit/src/hardware_controller/src/hardware_controller_arvi.cpp:530:58:[m[K [01;31m[Kerror: [m[Kâ€˜[01m[Kclass std::shared_ptr<rclcpp::Clock>[m[Kâ€™ has no member named â€˜[01m[Kget_clock[m[Kâ€™
  530 |                            *rclcpp::Clock::make_shared().[01;31m[Kget_clock[m[K(), 1000,
      |                                                          [01;31m[K^~~~~~~~~[m[K
[01m[K/home/zine/ws_moveit/src/hardware_controller/src/hardware_controller_arvi.cpp:[m[K In lambda function:
[01m[K/home/zine/ws_moveit/src/hardware_controller/src/hardware_controller_arvi.cpp:529:7:[m[K [01;31m[Kerror: [m[Kâ€˜[01m[Kc[m[Kâ€™ was not declared in this scope
  529 |       [01;31m[KRCLCPP_WARN_THROTTLE[m[K(rclcpp::get_logger("HardwareController"),
      |       [01;31m[K^~~~~~~~~~~~~~~~~~~~[m[K
gmake[2]: *** [CMakeFiles/hardware_controller.dir/build.make:76: CMakeFiles/hardware_controller.dir/src/hardware_controller_arvi.cpp.o] Error 1
gmake[1]: *** [CMakeFiles/Makefile2:137: CMakeFiles/hardware_controller.dir/all] Error 2
gmake: *** [Makefile:146: all] Error 2
