[0.021s] Invoking command in '/home/zine/ws_moveit/build/hardware_controller': CMAKE_PREFIX_PATH=/home/zine/ws_moveit/install/pilz_industrial_motion_planner_testutils:/home/zine/ws_moveit/install/moveit_runtime:/home/zine/ws_moveit/install/moveit2_tutorials:/home/zine/ws_moveit/install/moveit:/home/zine/ws_moveit/install/lab_arm_config:/home/zine/ws_moveit/install/fixy_config:/home/zine/ws_moveit/install/moveit_planners:/home/zine/ws_moveit/install/pilz_industrial_motion_planner:/home/zine/ws_moveit/install/moveit_visual_tools:/home/zine/ws_moveit/install/moveit_task_constructor_visualization:/home/zine/ws_moveit/install/moveit_task_constructor_demo:/home/zine/ws_moveit/install/moveit_task_constructor_capabilities:/home/zine/ws_moveit/install/moveit_task_constructor_core:/home/zine/ws_moveit/install/moveit_ros_control_interface:/home/zine/ws_moveit/install/moveit_plugins:/home/zine/ws_moveit/install/moveit_simple_controller_manager:/home/zine/ws_moveit/install/moveit_setup_assistant:/home/zine/ws_moveit/install/moveit_setup_srdf_plugins:/home/zine/ws_moveit/install/moveit_setup_core_plugins:/home/zine/ws_moveit/install/moveit_setup_controllers:/home/zine/ws_moveit/install/moveit_setup_app_plugins:/home/zine/ws_moveit/install/moveit_setup_framework:/home/zine/ws_moveit/install/moveit_servo:/home/zine/ws_moveit/install/moveit_ros:/home/zine/ws_moveit/install/moveit_ros_visualization:/home/zine/ws_moveit/install/moveit_hybrid_planning:/home/zine/ws_moveit/install/moveit_ros_planning_interface:/home/zine/ws_moveit/install/moveit_ros_benchmarks:/home/zine/ws_moveit/install/moveit_ros_warehouse:/home/zine/ws_moveit/install/moveit_ros_robot_interaction:/home/zine/ws_moveit/install/moveit_ros_perception:/home/zine/ws_moveit/install/moveit_resources_prbt_pg70_support:/home/zine/ws_moveit/install/moveit_resources_prbt_moveit_config:/home/zine/ws_moveit/install/moveit_ros_move_group:/home/zine/ws_moveit/install/moveit_planners_ompl:/home/zine/ws_moveit/install/moveit_ros_planning:/home/zine/ws_moveit/install/moveit_ros_occupancy_map_monitor:/home/zine/ws_moveit/install/moveit_resources_prbt_ikfast_manipulator_plugin:/home/zine/ws_moveit/install/moveit_planners_chomp:/home/zine/ws_moveit/install/moveit_kinematics:/home/zine/ws_moveit/install/moveit_chomp_optimizer_adapter:/home/zine/ws_moveit/install/chomp_motion_planner:/home/zine/ws_moveit/install/moveit_core:/home/zine/ws_moveit/install/srdfdom:/home/zine/ws_moveit/install/moveit_configs_utils:/home/zine/ws_moveit/install/launch_param_builder:/home/zine/ws_moveit/install/fixy_description:/opt/ros/humble:/home/zine/ws_moveit/install/serial:/home/zine/ws_moveit/install/rviz_marker_tools:/home/zine/ws_moveit/install/rosparam_shortcuts:/home/zine/ws_moveit/install/moveit_task_constructor_msgs:/home/zine/ws_moveit/install/moveit_resources_prbt_support:/home/zine/ws_moveit/install/moveit_resources:/home/zine/ws_moveit/install/moveit_resources_pr2_description:/home/zine/ws_moveit/install/moveit_resources_panda_moveit_config:/home/zine/ws_moveit/install/moveit_resources_panda_description:/home/zine/ws_moveit/install/moveit_resources_fanuc_moveit_config:/home/zine/ws_moveit/install/moveit_resources_fanuc_description:/home/zine/ws_moveit/install/moveit_common:/home/zine/ws_moveit/install/hardware_controller /usr/bin/cmake --build /home/zine/ws_moveit/build/hardware_controller -- -j12 -l12
[0.054s] -- Found ament_cmake: 1.3.12 (/opt/ros/humble/share/ament_cmake/cmake)
[0.165s] -- Override CMake install command with custom implementation using symlinks instead of copying resources
[0.171s] -- Found hardware_interface: 2.51.0 (/opt/ros/humble/share/hardware_interface/cmake)
[0.197s] -- Found rosidl_generator_c: 3.1.7 (/opt/ros/humble/share/rosidl_generator_c/cmake)
[0.199s] -- Found rosidl_adapter: 3.1.7 (/opt/ros/humble/share/rosidl_adapter/cmake)
[0.206s] -- Found rosidl_generator_cpp: 3.1.7 (/opt/ros/humble/share/rosidl_generator_cpp/cmake)
[0.217s] -- Using all available rosidl_typesupport_c: rosidl_typesupport_fastrtps_c;rosidl_typesupport_introspection_c
[0.229s] -- Using all available rosidl_typesupport_cpp: rosidl_typesupport_fastrtps_cpp;rosidl_typesupport_introspection_cpp
[0.388s] -- Found rmw_implementation_cmake: 6.1.2 (/opt/ros/humble/share/rmw_implementation_cmake/cmake)
[0.391s] -- Found rmw_fastrtps_cpp: 6.2.8 (/opt/ros/humble/share/rmw_fastrtps_cpp/cmake)
[0.407s] -- Found TinyXML2 via Config file: TinyXML2_DIR-NOTFOUND
[0.416s] -- Found TinyXML2 via Config file: TinyXML2_DIR-NOTFOUND
[0.431s] -- Found TinyXML2 via Config file: TinyXML2_DIR-NOTFOUND
[0.439s] -- Found TinyXML2 via Config file: TinyXML2_DIR-NOTFOUND
[0.451s] -- Using RMW implementation 'rmw_fastrtps_cpp' as default
[0.566s] -- Configuring done
[0.591s] -- Generating done
[0.595s] -- Build files have been written to: /home/zine/ws_moveit/build/hardware_controller
[0.643s] [ 50%] [32mBuilding CXX object CMakeFiles/hardware_controller.dir/src/hardware_controller_arvi.cpp.o[0m
[3.302s] In file included from [01m[K/opt/ros/humble/include/rclcpp/rclcpp/client.hpp:40[m[K,
[3.302s]                  from [01m[K/opt/ros/humble/include/rclcpp/rclcpp/callback_group.hpp:24[m[K,
[3.302s]                  from [01m[K/opt/ros/humble/include/rclcpp/rclcpp/any_executable.hpp:20[m[K,
[3.302s]                  from [01m[K/opt/ros/humble/include/rclcpp/rclcpp/memory_strategy.hpp:25[m[K,
[3.302s]                  from [01m[K/opt/ros/humble/include/rclcpp/rclcpp/memory_strategies.hpp:18[m[K,
[3.302s]                  from [01m[K/opt/ros/humble/include/rclcpp/rclcpp/executor_options.hpp:20[m[K,
[3.302s]                  from [01m[K/opt/ros/humble/include/rclcpp/rclcpp/executor.hpp:37[m[K,
[3.303s]                  from [01m[K/opt/ros/humble/include/rclcpp/rclcpp/executors/multi_threaded_executor.hpp:25[m[K,
[3.303s]                  from [01m[K/opt/ros/humble/include/rclcpp/rclcpp/executors.hpp:21[m[K,
[3.303s]                  from [01m[K/opt/ros/humble/include/rclcpp/rclcpp/rclcpp.hpp:155[m[K,
[3.303s]                  from [01m[K/home/zine/ws_moveit/src/hardware_controller/src/hardware_controller_arvi.cpp:4[m[K:
[3.303s] [01m[K/home/zine/ws_moveit/src/hardware_controller/src/hardware_controller_arvi.cpp:[m[K In member function â€˜[01m[Kbool hardware_controller::HardwareController::read_servo_feedback()[m[Kâ€™:
[3.303s] [01m[K/home/zine/ws_moveit/src/hardware_controller/src/hardware_controller_arvi.cpp:447:58:[m[K [01;31m[Kerror: [m[Kâ€˜[01m[Kclass std::shared_ptr<rclcpp::Clock>[m[Kâ€™ has no member named â€˜[01m[Kget_clock[m[Kâ€™
[3.303s]   447 |                            *rclcpp::Clock::make_shared().[01;31m[Kget_clock[m[K(), 1000,
[3.303s]       |                                                          [01;31m[K^~~~~~~~~[m[K
[3.303s] [01m[K/home/zine/ws_moveit/src/hardware_controller/src/hardware_controller_arvi.cpp:[m[K In lambda function:
[3.303s] [01m[K/home/zine/ws_moveit/src/hardware_controller/src/hardware_controller_arvi.cpp:446:7:[m[K [01;31m[Kerror: [m[Kâ€˜[01m[Kc[m[Kâ€™ was not declared in this scope
[3.304s]   446 |       [01;31m[KRCLCPP_WARN_THROTTLE[m[K(rclcpp::get_logger("HardwareController"),
[3.304s]       |       [01;31m[K^~~~~~~~~~~~~~~~~~~~[m[K
[3.304s] [01m[K/home/zine/ws_moveit/src/hardware_controller/src/hardware_controller_arvi.cpp:[m[K In member function â€˜[01m[Kbool hardware_controller::HardwareController::validate_packet(const std::vector<unsigned char, std::allocator<unsigned char> >&)[m[Kâ€™:
[3.304s] [01m[K/home/zine/ws_moveit/src/hardware_controller/src/hardware_controller_arvi.cpp:486:58:[m[K [01;31m[Kerror: [m[Kâ€˜[01m[Kclass std::shared_ptr<rclcpp::Clock>[m[Kâ€™ has no member named â€˜[01m[Kget_clock[m[Kâ€™
[3.304s]   486 |                            *rclcpp::Clock::make_shared().[01;31m[Kget_clock[m[K(), 1000,
[3.304s]       |                                                          [01;31m[K^~~~~~~~~[m[K
[3.304s] [01m[K/home/zine/ws_moveit/src/hardware_controller/src/hardware_controller_arvi.cpp:[m[K In lambda function:
[3.304s] [01m[K/home/zine/ws_moveit/src/hardware_controller/src/hardware_controller_arvi.cpp:485:7:[m[K [01;31m[Kerror: [m[Kâ€˜[01m[Kc[m[Kâ€™ was not declared in this scope
[3.304s]   485 |       [01;31m[KRCLCPP_WARN_THROTTLE[m[K(rclcpp::get_logger("HardwareController"),
[3.304s]       |       [01;31m[K^~~~~~~~~~~~~~~~~~~~[m[K
[3.305s] [01m[K/home/zine/ws_moveit/src/hardware_controller/src/hardware_controller_arvi.cpp:[m[K In member function â€˜[01m[Kbool hardware_controller::HardwareController::validate_packet(const std::vector<unsigned char, std::allocator<unsigned char> >&)[m[Kâ€™:
[3.305s] [01m[K/home/zine/ws_moveit/src/hardware_controller/src/hardware_controller_arvi.cpp:498:58:[m[K [01;31m[Kerror: [m[Kâ€˜[01m[Kclass std::shared_ptr<rclcpp::Clock>[m[Kâ€™ has no member named â€˜[01m[Kget_clock[m[Kâ€™
[3.305s]   498 |                            *rclcpp::Clock::make_shared().[01;31m[Kget_clock[m[K(), 1000,
[3.305s]       |                                                          [01;31m[K^~~~~~~~~[m[K
[3.306s] [01m[K/home/zine/ws_moveit/src/hardware_controller/src/hardware_controller_arvi.cpp:[m[K In lambda function:
[3.306s] [01m[K/home/zine/ws_moveit/src/hardware_controller/src/hardware_controller_arvi.cpp:497:7:[m[K [01;31m[Kerror: [m[Kâ€˜[01m[Kc[m[Kâ€™ was not declared in this scope
[3.307s]   497 |       [01;31m[KRCLCPP_WARN_THROTTLE[m[K(rclcpp::get_logger("HardwareController"),
[3.307s]       |       [01;31m[K^~~~~~~~~~~~~~~~~~~~[m[K
[3.307s] [01m[K/home/zine/ws_moveit/src/hardware_controller/src/hardware_controller_arvi.cpp:[m[K In member function â€˜[01m[Kbool hardware_controller::HardwareController::validate_packet(const std::vector<unsigned char, std::allocator<unsigned char> >&)[m[Kâ€™:
[3.307s] [01m[K/home/zine/ws_moveit/src/hardware_controller/src/hardware_controller_arvi.cpp:508:58:[m[K [01;31m[Kerror: [m[Kâ€˜[01m[Kclass std::shared_ptr<rclcpp::Clock>[m[Kâ€™ has no member named â€˜[01m[Kget_clock[m[Kâ€™
[3.307s]   508 |                            *rclcpp::Clock::make_shared().[01;31m[Kget_clock[m[K(), 1000,
[3.307s]       |                                                          [01;31m[K^~~~~~~~~[m[K
[3.308s] [01m[K/home/zine/ws_moveit/src/hardware_controller/src/hardware_controller_arvi.cpp:[m[K In lambda function:
[3.308s] [01m[K/home/zine/ws_moveit/src/hardware_controller/src/hardware_controller_arvi.cpp:507:7:[m[K [01;31m[Kerror: [m[Kâ€˜[01m[Kc[m[Kâ€™ was not declared in this scope
[3.308s]   507 |       [01;31m[KRCLCPP_WARN_THROTTLE[m[K(rclcpp::get_logger("HardwareController"),
[3.308s]       |       [01;31m[K^~~~~~~~~~~~~~~~~~~~[m[K
[3.308s] [01m[K/home/zine/ws_moveit/src/hardware_controller/src/hardware_controller_arvi.cpp:[m[K In member function â€˜[01m[Kbool hardware_controller::HardwareController::validate_packet(const std::vector<unsigned char, std::allocator<unsigned char> >&)[m[Kâ€™:
[3.309s] [01m[K/home/zine/ws_moveit/src/hardware_controller/src/hardware_controller_arvi.cpp:517:58:[m[K [01;31m[Kerror: [m[Kâ€˜[01m[Kclass std::shared_ptr<rclcpp::Clock>[m[Kâ€™ has no member named â€˜[01m[Kget_clock[m[Kâ€™
[3.309s]   517 |                            *rclcpp::Clock::make_shared().[01;31m[Kget_clock[m[K(), 1000,
[3.309s]       |                                                          [01;31m[K^~~~~~~~~[m[K
[3.309s] [01m[K/home/zine/ws_moveit/src/hardware_controller/src/hardware_controller_arvi.cpp:[m[K In lambda function:
[3.309s] [01m[K/home/zine/ws_moveit/src/hardware_controller/src/hardware_controller_arvi.cpp:516:7:[m[K [01;31m[Kerror: [m[Kâ€˜[01m[Kc[m[Kâ€™ was not declared in this scope
[3.309s]   516 |       [01;31m[KRCLCPP_WARN_THROTTLE[m[K(rclcpp::get_logger("HardwareController"),
[3.310s]       |       [01;31m[K^~~~~~~~~~~~~~~~~~~~[m[K
[3.310s] [01m[K/home/zine/ws_moveit/src/hardware_controller/src/hardware_controller_arvi.cpp:[m[K In member function â€˜[01m[Kbool hardware_controller::HardwareController::validate_packet(const std::vector<unsigned char, std::allocator<unsigned char> >&)[m[Kâ€™:
[3.310s] [01m[K/home/zine/ws_moveit/src/hardware_controller/src/hardware_controller_arvi.cpp:530:58:[m[K [01;31m[Kerror: [m[Kâ€˜[01m[Kclass std::shared_ptr<rclcpp::Clock>[m[Kâ€™ has no member named â€˜[01m[Kget_clock[m[Kâ€™
[3.310s]   530 |                            *rclcpp::Clock::make_shared().[01;31m[Kget_clock[m[K(), 1000,
[3.310s]       |                                                          [01;31m[K^~~~~~~~~[m[K
[3.311s] [01m[K/home/zine/ws_moveit/src/hardware_controller/src/hardware_controller_arvi.cpp:[m[K In lambda function:
[3.311s] [01m[K/home/zine/ws_moveit/src/hardware_controller/src/hardware_controller_arvi.cpp:529:7:[m[K [01;31m[Kerror: [m[Kâ€˜[01m[Kc[m[Kâ€™ was not declared in this scope
[3.311s]   529 |       [01;31m[KRCLCPP_WARN_THROTTLE[m[K(rclcpp::get_logger("HardwareController"),
[3.311s]       |       [01;31m[K^~~~~~~~~~~~~~~~~~~~[m[K
[3.312s] gmake[2]: *** [CMakeFiles/hardware_controller.dir/build.make:76: CMakeFiles/hardware_controller.dir/src/hardware_controller_arvi.cpp.o] Error 1
[3.312s] gmake[1]: *** [CMakeFiles/Makefile2:137: CMakeFiles/hardware_controller.dir/all] Error 2
[3.312s] gmake: *** [Makefile:146: all] Error 2
[3.312s] Invoked command in '/home/zine/ws_moveit/build/hardware_controller' returned '2': CMAKE_PREFIX_PATH=/home/zine/ws_moveit/install/pilz_industrial_motion_planner_testutils:/home/zine/ws_moveit/install/moveit_runtime:/home/zine/ws_moveit/install/moveit2_tutorials:/home/zine/ws_moveit/install/moveit:/home/zine/ws_moveit/install/lab_arm_config:/home/zine/ws_moveit/install/fixy_config:/home/zine/ws_moveit/install/moveit_planners:/home/zine/ws_moveit/install/pilz_industrial_motion_planner:/home/zine/ws_moveit/install/moveit_visual_tools:/home/zine/ws_moveit/install/moveit_task_constructor_visualization:/home/zine/ws_moveit/install/moveit_task_constructor_demo:/home/zine/ws_moveit/install/moveit_task_constructor_capabilities:/home/zine/ws_moveit/install/moveit_task_constructor_core:/home/zine/ws_moveit/install/moveit_ros_control_interface:/home/zine/ws_moveit/install/moveit_plugins:/home/zine/ws_moveit/install/moveit_simple_controller_manager:/home/zine/ws_moveit/install/moveit_setup_assistant:/home/zine/ws_moveit/install/moveit_setup_srdf_plugins:/home/zine/ws_moveit/install/moveit_setup_core_plugins:/home/zine/ws_moveit/install/moveit_setup_controllers:/home/zine/ws_moveit/install/moveit_setup_app_plugins:/home/zine/ws_moveit/install/moveit_setup_framework:/home/zine/ws_moveit/install/moveit_servo:/home/zine/ws_moveit/install/moveit_ros:/home/zine/ws_moveit/install/moveit_ros_visualization:/home/zine/ws_moveit/install/moveit_hybrid_planning:/home/zine/ws_moveit/install/moveit_ros_planning_interface:/home/zine/ws_moveit/install/moveit_ros_benchmarks:/home/zine/ws_moveit/install/moveit_ros_warehouse:/home/zine/ws_moveit/install/moveit_ros_robot_interaction:/home/zine/ws_moveit/install/moveit_ros_perception:/home/zine/ws_moveit/install/moveit_resources_prbt_pg70_support:/home/zine/ws_moveit/install/moveit_resources_prbt_moveit_config:/home/zine/ws_moveit/install/moveit_ros_move_group:/home/zine/ws_moveit/install/moveit_planners_ompl:/home/zine/ws_moveit/install/moveit_ros_planning:/home/zine/ws_moveit/install/moveit_ros_occupancy_map_monitor:/home/zine/ws_moveit/install/moveit_resources_prbt_ikfast_manipulator_plugin:/home/zine/ws_moveit/install/moveit_planners_chomp:/home/zine/ws_moveit/install/moveit_kinematics:/home/zine/ws_moveit/install/moveit_chomp_optimizer_adapter:/home/zine/ws_moveit/install/chomp_motion_planner:/home/zine/ws_moveit/install/moveit_core:/home/zine/ws_moveit/install/srdfdom:/home/zine/ws_moveit/install/moveit_configs_utils:/home/zine/ws_moveit/install/launch_param_builder:/home/zine/ws_moveit/install/fixy_description:/opt/ros/humble:/home/zine/ws_moveit/install/serial:/home/zine/ws_moveit/install/rviz_marker_tools:/home/zine/ws_moveit/install/rosparam_shortcuts:/home/zine/ws_moveit/install/moveit_task_constructor_msgs:/home/zine/ws_moveit/install/moveit_resources_prbt_support:/home/zine/ws_moveit/install/moveit_resources:/home/zine/ws_moveit/install/moveit_resources_pr2_description:/home/zine/ws_moveit/install/moveit_resources_panda_moveit_config:/home/zine/ws_moveit/install/moveit_resources_panda_description:/home/zine/ws_moveit/install/moveit_resources_fanuc_moveit_config:/home/zine/ws_moveit/install/moveit_resources_fanuc_description:/home/zine/ws_moveit/install/moveit_common:/home/zine/ws_moveit/install/hardware_controller /usr/bin/cmake --build /home/zine/ws_moveit/build/hardware_controller -- -j12 -l12
